2025-05-21 12:28:06-root-DEBUG-This is a debug message
2025-05-21 12:28:06-root-INFO-This is an info message
2025-05-21 12:28:06-root-WARNING-This is a warning message
2025-05-21 12:28:06-root-ERROR-This is an error message
2025-05-21 12:28:06-root-CRITICAL-This is a critical message
2025-05-21 12:28:21-root-DEBUG-This is a debug message
2025-05-21 12:28:21-root-INFO-This is an info message
2025-05-21 12:28:21-root-WARNING-This is a warning message
2025-05-21 12:28:21-root-ERROR-This is an error message
2025-05-21 12:28:21-root-CRITICAL-This is a critical message
2025-05-21 12:28:39-root-DEBUG-This is a debug message
2025-05-21 12:28:39-root-INFO-This is an info message
2025-05-21 12:28:39-root-WARNING-This is a warning message
2025-05-21 12:28:39-root-ERROR-This is an error message
2025-05-21 12:28:39-root-CRITICAL-This is a critical message
2025-05-21 12:30:12-root-DEBUG-This is a debug message
2025-05-21 12:30:12-root-INFO-This is an info message
2025-05-21 12:30:12-root-WARNING-This is a warning message
2025-05-21 12:30:12-root-ERROR-This is an error message
2025-05-21 12:30:12-root-CRITICAL-This is a critical message
